[0430/014932.643:INFO:CONSOLE(157)] "Event handler of 'x-storagemutated-1' event must be added on the initial evaluation of worker script.", source: https://static.whatsapp.net/rsrc.php/v4/yd/r/qDblJSylVLv.js (157)
[0430/014940.786:INFO:CONSOLE(0)] "Error with Permissions-Policy header: Feature xr-spatial-tracking's parameters are ignored.", source:  (0)
[0430/014940.787:INFO:CONSOLE(0)] "Error with Permissions-Policy header: Origin trial controlled feature not enabled: 'attribution-reporting'.", source:  (0)
[0430/014940.788:INFO:CONSOLE(0)] "Error with Permissions-Policy header: Unrecognized feature: 'compute-pressure'.", source:  (0)
[0430/014940.788:INFO:CONSOLE(0)] "Error with Permissions-Policy header: Origin trial controlled feature not enabled: 'interest-cohort'.", source:  (0)
[0430/014940.789:INFO:CONSOLE(0)] "Error with Permissions-Policy header: Unrecognized feature: 'private-state-token-issuance'.", source:  (0)
[0430/014940.790:INFO:CONSOLE(0)] "Error with Permissions-Policy header: Origin trial controlled feature not enabled: 'shared-storage'.", source:  (0)
[0430/014940.791:INFO:CONSOLE(0)] "Error with Permissions-Policy header: Unrecognized feature: 'shared-storage-select-url'.", source:  (0)
[0430/014940.791:INFO:CONSOLE(0)] "Error with Permissions-Policy header: Unrecognized feature: 'private-state-token-redemption'.", source:  (0)
[0430/014940.791:INFO:CONSOLE(0)] "Error with Permissions-Policy header: Unrecognized feature: 'unload'.", source:  (0)
[0430/014940.792:INFO:CONSOLE(0)] "Error with Permissions-Policy header: Unrecognized feature: 'window-management'.", source:  (0)
[0430/014952.734:INFO:CONSOLE(0)] "Error with Permissions-Policy header: Feature xr-spatial-tracking's parameters are ignored.", source:  (0)
[0430/014952.734:INFO:CONSOLE(0)] "Error with Permissions-Policy header: Origin trial controlled feature not enabled: 'attribution-reporting'.", source:  (0)
[0430/014952.735:INFO:CONSOLE(0)] "Error with Permissions-Policy header: Unrecognized feature: 'compute-pressure'.", source:  (0)
[0430/014952.735:INFO:CONSOLE(0)] "Error with Permissions-Policy header: Origin trial controlled feature not enabled: 'interest-cohort'.", source:  (0)
[0430/014952.735:INFO:CONSOLE(0)] "Error with Permissions-Policy header: Unrecognized feature: 'private-state-token-issuance'.", source:  (0)
[0430/014952.736:INFO:CONSOLE(0)] "Error with Permissions-Policy header: Origin trial controlled feature not enabled: 'shared-storage'.", source:  (0)
[0430/014952.737:INFO:CONSOLE(0)] "Error with Permissions-Policy header: Unrecognized feature: 'shared-storage-select-url'.", source:  (0)
[0430/014952.737:INFO:CONSOLE(0)] "Error with Permissions-Policy header: Unrecognized feature: 'private-state-token-redemption'.", source:  (0)
[0430/014952.738:INFO:CONSOLE(0)] "Error with Permissions-Policy header: Unrecognized feature: 'unload'.", source:  (0)
[0430/014952.738:INFO:CONSOLE(0)] "Error with Permissions-Policy header: Unrecognized feature: 'window-management'.", source:  (0)
[0430/015006.576:INFO:CONSOLE(157)] "Event handler of 'x-storagemutated-1' event must be added on the initial evaluation of worker script.", source: https://static.whatsapp.net/rsrc.php/v4/yd/r/qDblJSylVLv.js (157)
[0430/015114.656:INFO:CONSOLE(157)] "Event handler of 'x-storagemutated-1' event must be added on the initial evaluation of worker script.", source: https://static.whatsapp.net/rsrc.php/v4/yd/r/qDblJSylVLv.js (157)
[0430/015216.040:INFO:CONSOLE(157)] "Event handler of 'x-storagemutated-1' event must be added on the initial evaluation of worker script.", source: https://static.whatsapp.net/rsrc.php/v4/yd/r/qDblJSylVLv.js (157)
[0430/015314.783:INFO:CONSOLE(157)] "Event handler of 'x-storagemutated-1' event must be added on the initial evaluation of worker script.", source: https://static.whatsapp.net/rsrc.php/v4/yd/r/qDblJSylVLv.js (157)
[0430/015408.913:INFO:CONSOLE(0)] "Uncaught (in promise) [object Object]", source: https://web.whatsapp.com/ (0)
[0430/015419.013:INFO:CONSOLE(157)] "Event handler of 'x-storagemutated-1' event must be added on the initial evaluation of worker script.", source: https://static.whatsapp.net/rsrc.php/v4/yd/r/qDblJSylVLv.js (157)
[0430/015503.840:INFO:CONSOLE(280)] "Uncaught (in promise) #<a>", source: https://static.whatsapp.net/rsrc.php/v4/yQ/r/UHFsw43c3n5.js (280)
[0430/015504.115:INFO:CONSOLE(280)] "Uncaught (in promise) #<a>", source: https://static.whatsapp.net/rsrc.php/v4/yQ/r/UHFsw43c3n5.js (280)
[0430/015504.118:INFO:CONSOLE(280)] "Uncaught (in promise) #<a>", source: https://static.whatsapp.net/rsrc.php/v4/yQ/r/UHFsw43c3n5.js (280)
[0430/015504.120:INFO:CONSOLE(280)] "Uncaught (in promise) #<a>", source: https://static.whatsapp.net/rsrc.php/v4/yQ/r/UHFsw43c3n5.js (280)
[0430/015504.121:INFO:CONSOLE(280)] "Uncaught (in promise) #<a>", source: https://static.whatsapp.net/rsrc.php/v4/yQ/r/UHFsw43c3n5.js (280)
[0430/015504.124:INFO:CONSOLE(280)] "Uncaught (in promise) #<a>", source: https://static.whatsapp.net/rsrc.php/v4/yQ/r/UHFsw43c3n5.js (280)
[0430/015504.138:INFO:CONSOLE(280)] "Uncaught (in promise) Error: [comms] sendIq called before startComms", source: https://static.whatsapp.net/rsrc.php/v4/yQ/r/UHFsw43c3n5.js (280)
[0430/015504.140:INFO:CONSOLE(280)] "Uncaught (in promise) Error: [comms] sendIq called before startComms", source: https://static.whatsapp.net/rsrc.php/v4/yQ/r/UHFsw43c3n5.js (280)
[0430/015504.151:INFO:CONSOLE(280)] "Uncaught (in promise) Error: [comms] castStanza called before startComms", source: https://static.whatsapp.net/rsrc.php/v4/yQ/r/UHFsw43c3n5.js (280)
[0430/015504.159:INFO:CONSOLE(280)] "Uncaught (in promise) #<a>", source: https://static.whatsapp.net/rsrc.php/v4/yQ/r/UHFsw43c3n5.js (280)
[0430/015504.161:INFO:CONSOLE(280)] "Uncaught (in promise) #<a>", source: https://static.whatsapp.net/rsrc.php/v4/yQ/r/UHFsw43c3n5.js (280)
[0430/015504.164:INFO:CONSOLE(280)] "Uncaught (in promise) #<a>", source: https://static.whatsapp.net/rsrc.php/v4/yQ/r/UHFsw43c3n5.js (280)
[0430/015504.167:INFO:CONSOLE(280)] "Uncaught (in promise) #<a>", source: https://static.whatsapp.net/rsrc.php/v4/yQ/r/UHFsw43c3n5.js (280)
[0430/015504.169:INFO:CONSOLE(280)] "Uncaught (in promise) #<a>", source: https://static.whatsapp.net/rsrc.php/v4/yQ/r/UHFsw43c3n5.js (280)
[0430/015504.171:INFO:CONSOLE(280)] "Uncaught (in promise) #<a>", source: https://static.whatsapp.net/rsrc.php/v4/yQ/r/UHFsw43c3n5.js (280)
[0430/015504.173:INFO:CONSOLE(280)] "Uncaught (in promise) #<a>", source: https://static.whatsapp.net/rsrc.php/v4/yQ/r/UHFsw43c3n5.js (280)
[0430/015504.176:INFO:CONSOLE(280)] "Uncaught (in promise) #<a>", source: https://static.whatsapp.net/rsrc.php/v4/yQ/r/UHFsw43c3n5.js (280)
[0430/015504.182:INFO:CONSOLE(280)] "Uncaught (in promise) #<a>", source: https://static.whatsapp.net/rsrc.php/v4/yQ/r/UHFsw43c3n5.js (280)
[0430/015504.272:INFO:CONSOLE(6)] "Uncaught (in promise) Error: [comms] castStanza called before startComms", source:  (6)
[0430/015504.275:INFO:CONSOLE(0)] "Uncaught (in promise) #<a>", source: https://web.whatsapp.com/ (0)
[0430/015504.277:INFO:CONSOLE(0)] "Uncaught (in promise) #<a>", source: https://web.whatsapp.com/ (0)
[0430/015504.538:INFO:CONSOLE(280)] "Uncaught (in promise) Error: Unexpected null or undefined: me", source: https://static.whatsapp.net/rsrc.php/v4/yQ/r/UHFsw43c3n5.js (280)
[0430/015504.540:INFO:CONSOLE(280)] "Uncaught (in promise) Error: Unexpected null or undefined: me", source: https://static.whatsapp.net/rsrc.php/v4/yQ/r/UHFsw43c3n5.js (280)
[0430/015504.542:INFO:CONSOLE(0)] "Uncaught (in promise) #<a>", source: https://web.whatsapp.com/ (0)
[0430/015505.404:INFO:CONSOLE(280)] "Uncaught (in promise) #<a>", source: https://static.whatsapp.net/rsrc.php/v4/yQ/r/UHFsw43c3n5.js (280)
[0430/015505.570:INFO:CONSOLE(280)] "Uncaught (in promise) Error: Unexpected null or undefined: me", source: https://static.whatsapp.net/rsrc.php/v4/yQ/r/UHFsw43c3n5.js (280)
[0430/015505.572:INFO:CONSOLE(280)] "Uncaught (in promise) Error: Unexpected null or undefined: me", source: https://static.whatsapp.net/rsrc.php/v4/yQ/r/UHFsw43c3n5.js (280)
[0430/015505.574:INFO:CONSOLE(0)] "Uncaught (in promise) #<a>", source: https://web.whatsapp.com/ (0)
[0430/015507.601:INFO:CONSOLE(280)] "Uncaught (in promise) Error: Unexpected null or undefined: me", source: https://static.whatsapp.net/rsrc.php/v4/yQ/r/UHFsw43c3n5.js (280)
[0430/015507.605:INFO:CONSOLE(280)] "Uncaught (in promise) Error: Unexpected null or undefined: me", source: https://static.whatsapp.net/rsrc.php/v4/yQ/r/UHFsw43c3n5.js (280)
[0430/015507.609:INFO:CONSOLE(0)] "Uncaught (in promise) #<a>", source: https://web.whatsapp.com/ (0)
[0430/015508.616:INFO:CONSOLE(157)] "Event handler of 'x-storagemutated-1' event must be added on the initial evaluation of worker script.", source: https://static.whatsapp.net/rsrc.php/v4/yd/r/qDblJSylVLv.js (157)
[0430/015511.270:INFO:CONSOLE(0)] "Error with Permissions-Policy header: Feature xr-spatial-tracking's parameters are ignored.", source:  (0)
[0430/015511.271:INFO:CONSOLE(0)] "Error with Permissions-Policy header: Origin trial controlled feature not enabled: 'attribution-reporting'.", source:  (0)
[0430/015511.271:INFO:CONSOLE(0)] "Error with Permissions-Policy header: Unrecognized feature: 'compute-pressure'.", source:  (0)
[0430/015511.272:INFO:CONSOLE(0)] "Error with Permissions-Policy header: Origin trial controlled feature not enabled: 'interest-cohort'.", source:  (0)
[0430/015511.272:INFO:CONSOLE(0)] "Error with Permissions-Policy header: Unrecognized feature: 'private-state-token-issuance'.", source:  (0)
[0430/015511.272:INFO:CONSOLE(0)] "Error with Permissions-Policy header: Origin trial controlled feature not enabled: 'shared-storage'.", source:  (0)
[0430/015511.273:INFO:CONSOLE(0)] "Error with Permissions-Policy header: Unrecognized feature: 'shared-storage-select-url'.", source:  (0)
[0430/015511.273:INFO:CONSOLE(0)] "Error with Permissions-Policy header: Unrecognized feature: 'private-state-token-redemption'.", source:  (0)
[0430/015511.274:INFO:CONSOLE(0)] "Error with Permissions-Policy header: Unrecognized feature: 'unload'.", source:  (0)
[0430/015511.274:INFO:CONSOLE(0)] "Error with Permissions-Policy header: Unrecognized feature: 'window-management'.", source:  (0)
[0430/015518.476:ERROR:entry_impl.cc(1072)] No file for 80000097
[0430/015518.480:ERROR:entry_impl.cc(1072)] No file for 800000e4
[0430/015518.485:ERROR:entry_impl.cc(1072)] No file for 80000099
[0430/015518.494:ERROR:entry_impl.cc(1072)] No file for 8000009c
[0430/015518.496:ERROR:entry_impl.cc(1072)] No file for 800000e8
[0430/015518.500:ERROR:entry_impl.cc(1072)] No file for 8000009b
[0430/015518.504:ERROR:entry_impl.cc(1072)] No file for 800000e5
[0430/015518.511:ERROR:entry_impl.cc(1072)] No file for 800000e7
[0430/015518.614:ERROR:entry_impl.cc(1072)] No file for 800000e6
[0430/015520.392:ERROR:entry_impl.cc(1072)] No file for 8000009e
[0430/015520.396:ERROR:entry_impl.cc(1072)] No file for 8000009d
[0430/015521.443:INFO:CONSOLE(0)] "Error with Permissions-Policy header: Feature xr-spatial-tracking's parameters are ignored.", source:  (0)
[0430/015521.445:INFO:CONSOLE(0)] "Error with Permissions-Policy header: Origin trial controlled feature not enabled: 'attribution-reporting'.", source:  (0)
[0430/015521.445:INFO:CONSOLE(0)] "Error with Permissions-Policy header: Unrecognized feature: 'compute-pressure'.", source:  (0)
[0430/015521.446:INFO:CONSOLE(0)] "Error with Permissions-Policy header: Origin trial controlled feature not enabled: 'interest-cohort'.", source:  (0)
[0430/015521.446:INFO:CONSOLE(0)] "Error with Permissions-Policy header: Unrecognized feature: 'private-state-token-issuance'.", source:  (0)
[0430/015521.446:INFO:CONSOLE(0)] "Error with Permissions-Policy header: Origin trial controlled feature not enabled: 'shared-storage'.", source:  (0)
[0430/015521.447:INFO:CONSOLE(0)] "Error with Permissions-Policy header: Unrecognized feature: 'shared-storage-select-url'.", source:  (0)
[0430/015521.447:INFO:CONSOLE(0)] "Error with Permissions-Policy header: Unrecognized feature: 'private-state-token-redemption'.", source:  (0)
[0430/015521.448:INFO:CONSOLE(0)] "Error with Permissions-Policy header: Unrecognized feature: 'unload'.", source:  (0)
[0430/015521.448:INFO:CONSOLE(0)] "Error with Permissions-Policy header: Unrecognized feature: 'window-management'.", source:  (0)
[0430/015521.727:ERROR:entry_impl.cc(1072)] No file for 800000e0
[0430/015521.729:ERROR:entry_impl.cc(1072)] No file for 8000008c
[0430/015521.733:ERROR:entry_impl.cc(1072)] No file for 8000008e
[0430/015521.737:ERROR:entry_impl.cc(1072)] No file for 8000013a
[0430/015521.740:ERROR:entry_impl.cc(1072)] No file for 80000139
[0430/015521.743:ERROR:entry_impl.cc(1072)] No file for 800000e1
[0430/015521.745:ERROR:entry_impl.cc(1072)] No file for 80000091
[0430/015521.748:ERROR:entry_impl.cc(1072)] No file for 800000e2
[0430/015521.750:ERROR:entry_impl.cc(1072)] No file for 80000092
[0430/015525.225:INFO:CONSOLE(0)] "The resource https://static.whatsapp.net/rsrc-translations.php/v8iFem4/yD/l/pt_BR/2sB_scbb6cX.js was preloaded using link preload but not used within a few seconds from the window's load event. Please make sure it has an appropriate `as` value and it is preloaded intentionally.", source: https://web.whatsapp.com/?post_logout=1&logout_reason=0 (0)
[0430/015525.229:INFO:CONSOLE(0)] "The resource https://static.whatsapp.net/rsrc-translations.php/v8iHqZ4/yG/l/pt_BR/JqF8I4UT2epfwA_k4oHAeOOnTaDKYTWjILbOlywjqKkhYcxli9pd20bsm5qABrggsQ9EmjF8qrMNpX20aGqjJygKwdwDvXx_J0sF96L2CjyB8xvsWqehdEtWwWpiyOmfrDNM.js was preloaded using link preload but not used within a few seconds from the window's load event. Please make sure it has an appropriate `as` value and it is preloaded intentionally.", source: https://web.whatsapp.com/?post_logout=1&logout_reason=0 (0)
[0430/015525.232:INFO:CONSOLE(0)] "The resource https://static.whatsapp.net/rsrc-translations.php/v8iBaw4/yD/l/pt_BR/NLBnWIwLQML.js was preloaded using link preload but not used within a few seconds from the window's load event. Please make sure it has an appropriate `as` value and it is preloaded intentionally.", source: https://web.whatsapp.com/?post_logout=1&logout_reason=0 (0)
